<?xml version="1.0" encoding="UTF-8"?>
<!-- Generated by org.testng.reporters.JUnitReportReporter -->
<testsuite skipped="0" hostname="Shona-KH9V41E" name="maventest.Test1" tests="2" failures="0" timestamp="16 Mar 2019 09:03:01 GMT" time="0.039" errors="0">
  <testcase name="logout" time="0.020" classname="maventest.Test1"/>
  <testcase name="login" time="0.019" classname="maventest.Test1"/>
</testsuite> <!-- maventest.Test1 -->
