<?xml version="1.0" encoding="UTF-8"?>
<!-- Generated by org.testng.reporters.JUnitReportReporter -->
<testsuite skipped="0" hostname="Shona-KH9V41E" name="maventest.Test2" tests="2" failures="0" timestamp="16 Mar 2019 09:03:01 GMT" time="0.003" errors="0">
  <testcase name="cardlogout" time="0.002" classname="maventest.Test2"/>
  <testcase name="cardlogin" time="0.001" classname="maventest.Test2"/>
</testsuite> <!-- maventest.Test2 -->
