<?xml version="1.0" encoding="UTF-8"?>
<!-- Generated by org.testng.reporters.JUnitReportReporter -->
<testsuite skipped="0" hostname="Shona-KH9V41E" name="maventest.Test3" tests="2" failures="0" timestamp="16 Mar 2019 09:03:01 GMT" time="0.000" errors="0">
  <testcase name="instlogout" time="0.000" classname="maventest.Test3"/>
  <testcase name="instalogin" time="0.000" classname="maventest.Test3"/>
</testsuite> <!-- maventest.Test3 -->
